<?xml version="1.0" encoding="UTF-8"?>
<!-- Generated by org.testng.reporters.JUnitXMLReporter -->
<testsuite ignored="10" hostname="HAQUE2531" failures="6" tests="6" name="Test" time="43.465" errors="0" timestamp="2024-08-25T18:01:50 IST">
  <testcase classname="com.client.shoProd.module.Flipkart2" name="flipkartTest" time="0.018">
    <failure type="java.lang.Error" message="Unresolved compilation problems: 
	wdUtils cannot be resolved
	wdUtils cannot be resolved
">
      <![CDATA[java.lang.Error: Unresolved compilation problems: 
wdUtils cannot be resolved
wdUtils cannot be resolved

at com.client.shoProd.module.Flipkart2.flipkartTest(Flipkart2.java:25)
at java.base/java.util.ArrayList.forEach(ArrayList.java:1596)
... Removed 25 stack frames]]>
    </failure>
  </testcase> <!-- flipkartTest -->
  <testcase classname="com.client.shoProd.module.Flipkart3" name="flipkartTest" time="0.002">
    <failure type="java.lang.Error" message="Unresolved compilation problems: 
	wdUtils cannot be resolved
	wdUtils cannot be resolved
">
      <![CDATA[java.lang.Error: Unresolved compilation problems: 
wdUtils cannot be resolved
wdUtils cannot be resolved

at com.client.shoProd.module.Flipkart3.flipkartTest(Flipkart3.java:25)
at java.base/java.util.ArrayList.forEach(ArrayList.java:1596)
... Removed 25 stack frames]]>
    </failure>
  </testcase> <!-- flipkartTest -->
  <testcase classname="com.client.shoProd.module.Flipkart" name="flipkartTest" time="0.003">
    <failure type="java.lang.Error" message="Unresolved compilation problems: 
	wdUtils cannot be resolved
	wdUtils cannot be resolved
">
      <![CDATA[java.lang.Error: Unresolved compilation problems: 
wdUtils cannot be resolved
wdUtils cannot be resolved

at com.client.shoProd.module.Flipkart.flipkartTest(Flipkart.java:25)
at java.base/java.util.ArrayList.forEach(ArrayList.java:1596)
... Removed 25 stack frames]]>
    </failure>
  </testcase> <!-- flipkartTest -->
  <testcase classname="com.client.shoProd.module.Flipkart4" name="flipkartTest" time="0.003">
    <failure type="java.lang.Error" message="Unresolved compilation problems: 
	wdUtils cannot be resolved
	wdUtils cannot be resolved
">
      <![CDATA[java.lang.Error: Unresolved compilation problems: 
wdUtils cannot be resolved
wdUtils cannot be resolved

at com.client.shoProd.module.Flipkart4.flipkartTest(Flipkart4.java:25)
at java.base/java.util.ArrayList.forEach(ArrayList.java:1596)
... Removed 25 stack frames]]>
    </failure>
  </testcase> <!-- flipkartTest -->
  <testcase classname="com.client.shoProd.module.Flipkart5" name="flipkartTest" time="0.006">
    <failure type="java.lang.Error" message="Unresolved compilation problems: 
	wdUtils cannot be resolved
	wdUtils cannot be resolved
">
      <![CDATA[java.lang.Error: Unresolved compilation problems: 
wdUtils cannot be resolved
wdUtils cannot be resolved

at com.client.shoProd.module.Flipkart5.flipkartTest(Flipkart5.java:25)
at java.base/java.util.ArrayList.forEach(ArrayList.java:1596)
... Removed 25 stack frames]]>
    </failure>
  </testcase> <!-- flipkartTest -->
  <testcase classname="com.client.shoProd.module.Flipkart5" name="flipkartTest" time="3.356">
    <failure type="java.lang.RuntimeException" message="Unexpected result for screenshot command: null">
      <![CDATA[java.lang.RuntimeException: Unexpected result for screenshot command: null
at org.openqa.selenium.remote.RemoteWebDriver.getScreenshotAs(RemoteWebDriver.java:339)
at com.client.shoProd.generic.ListenersUtility.ListenersImpClass.onTestFailure(ListenersImpClass.java:64)
at java.base/java.util.ArrayList.forEach(ArrayList.java:1596)
... Removed 24 stack frames]]>
    </failure>
  </testcase> <!-- flipkartTest -->
  <testcase classname="com.client.shoProd.generic.baseUtility.BaseClassUtils" name="@BeforeSuite beforeSuite" time="0.0">
    <ignored/>
  </testcase> <!-- @BeforeSuite beforeSuite -->
  <testcase classname="com.client.shoProd.generic.baseUtility.BaseClassUtils" name="@BeforeSuite beforeSuite" time="0.0">
    <ignored/>
  </testcase> <!-- @BeforeSuite beforeSuite -->
  <testcase classname="com.client.shoProd.generic.baseUtility.BaseClassUtils" name="@AfterSuite afterSuite" time="0.0">
    <ignored/>
  </testcase> <!-- @AfterSuite afterSuite -->
  <testcase classname="com.client.shoProd.generic.baseUtility.BaseClassUtils" name="@AfterSuite afterSuite" time="0.0">
    <ignored/>
  </testcase> <!-- @AfterSuite afterSuite -->
  <testcase classname="com.client.shoProd.generic.baseUtility.BaseClassUtils" name="@BeforeSuite beforeSuite" time="0.0">
    <ignored/>
  </testcase> <!-- @BeforeSuite beforeSuite -->
  <testcase classname="com.client.shoProd.generic.baseUtility.BaseClassUtils" name="@AfterSuite afterSuite" time="0.0">
    <ignored/>
  </testcase> <!-- @AfterSuite afterSuite -->
  <testcase classname="com.client.shoProd.generic.baseUtility.BaseClassUtils" name="@AfterSuite afterSuite" time="0.0">
    <ignored/>
  </testcase> <!-- @AfterSuite afterSuite -->
  <testcase classname="com.client.shoProd.generic.baseUtility.BaseClassUtils" name="@BeforeSuite beforeSuite" time="0.0">
    <ignored/>
  </testcase> <!-- @BeforeSuite beforeSuite -->
  <testcase classname="com.client.shoProd.generic.baseUtility.BaseClassUtils" name="@BeforeSuite beforeSuite" time="0.0">
    <ignored/>
  </testcase> <!-- @BeforeSuite beforeSuite -->
  <testcase classname="com.client.shoProd.generic.baseUtility.BaseClassUtils" name="@AfterSuite afterSuite" time="0.0">
    <ignored/>
  </testcase> <!-- @AfterSuite afterSuite -->
</testsuite> <!-- Test -->
